
<a href = "matlab: helpview([docroot '/toolbox/optim/msg_csh/optim_msg_csh.map'],'local_min_found','CSHelpWindow');">Local minimum found that satisfies the constraints</a>.

Optimization completed because the objective function is non-decreasing in 
<a href = "matlab: helpview([docroot '/toolbox/optim/msg_csh/optim_msg_csh.map'],'feasible_directions','CSHelpWindow');">feasible directions</a>, to within the default value of the <a href = "matlab: helpview([docroot '/toolbox/optim/msg_csh/optim_msg_csh.map'],'function_tolerance','CSHelpWindow');">function tolerance</a>,
and constraints were satisfied to within the default value of the <a href = "matlab: helpview([docroot '/toolbox/optim/msg_csh/optim_msg_csh.map'],'constraint_tolerance','CSHelpWindow');">constraint tolerance</a>.

<<a href = "matlab: createExitMsg('nlconst',1.000000e+00,true,true,'fmincon',6.988097e-08,'default',1.000000e-06,5.656755e-08,'default',1.000000e-06);">stopping criteria details</a>>

Active inequalities (to within options.TolCon = 1e-06):
  lower      upper     ineqlin   ineqnonlin
                                     1
                                     2
                                     3
                                     4
                                     5
                                     6
                                     7
                                     8
                                     9
                                    10
                                    12
                                    13
                                    14
                                    15
                                    16
                                    17
                                    18
                                    19

ans =

All that stuff up there means OPTIMAL SOLUTION FOUND!!!!


ans =

The optimal pumping rates:


ans =

    3.3000
         0
   -0.0000
   -0.0000
         0
   -0.0000
   -0.0000
   -0.0000
    0.0000
    3.3000


ans =

The head levels at optimallity:


h =

    0.7000
    0.7000
    0.7000
    0.7000
    0.7000
    0.7000
    0.7000
    0.7000
    0.7000
    0.7000


ans =

output saved to op.out

