Optimization terminated: magnitude of search direction less than 2*options.TolX
 and maximum constraint violation is less than options.TolCon.
Active inequalities (to within options.TolCon = 1e-06):
  lower      upper     ineqlin   ineqnonlin
                                     1
                                     2
                                     3
                                     4
                                     5
                                     6
                                     7
                                     8
                                     9
                                    10
                                    12
                                    13
                                    14
                                    15
                                    16
                                    17
                                    18
                                    19
The pumping rate was:
    6.5000
The minimum head level was:
    0.7000
The optimal pumping rates:
    3.3000
   -0.0000
   -0.0000
   -0.0000
   -0.0000
   -0.0000
   -0.0000
   -0.0000
   -0.0000
    3.3000
The head levels at optimallity:
h =
    0.7000
    0.7000
    0.7000
    0.7000
    0.7000
    0.7000
    0.7000
    0.7000
    0.7000
    0.7000
output saved to op.out
